16:35:37 **** Incremental Build of configuration Debug for project lpcxpresso55s69_hello_world_s ****
make -r -j7 all 
Building target: lpcxpresso55s69_hello_world_s.axf
Invoking: MCU Linker
arm-none-eabi-gcc -nostdlib -Xlinker -no-warn-rwx-segments -Xlinker -Map="lpcxpresso55s69_hello_world_s.map" -Xlinker --gc-sections -Xlinker -print-memory-usage -Xlinker --sort-section=alignment -Xlinker --cref -mcpu=cortex-m33 -mfpu=fpv5-sp-d16 -mfloat-abi=hard -mthumb -T lpcxpresso55s69_hello_world_s_Debug.ld -Xlinker --out-implib="lpcxpresso55s69_hello_world_s_CMSE_lib.o" -Xlinker --cmse-implib -o "lpcxpresso55s69_hello_world_s.axf" ./utilities/fsl_assert.o ./utilities/fsl_debug_console.o ./utilities/fsl_memcpy.o ./utilities/fsl_str.o  ./trustzone/tzm_api.o ./trustzone/tzm_config.o ./trustzone/veneer_table.o  ./startup/boot_multicore_slave.o ./startup/startup_lpc55s69_cm33_core0.o  ./source/hello_world_s.o ./source/semihost_hardfault.o  ./drivers/fsl_clock.o ./drivers/fsl_common.o ./drivers/fsl_common_arm.o ./drivers/fsl_flexcomm.o ./drivers/fsl_gpio.o ./drivers/fsl_power.o ./drivers/fsl_reset.o ./drivers/fsl_usart.o  ./device/system_LPC55S69_cm33_core0.o  ./component/uart/fsl_adapter_usart.o  ./component/lists/fsl_component_generic_list.o  ./board/board.o ./board/clock_config.o ./board/pin_mux.o   
/Applications/MCUXpressoIDE_11.10.0_3148/ide/plugins/com.nxp.mcuxpresso.tools.macosx_11.10.0.202311280810/tools/bin/../lib/gcc/arm-none-eabi/13.2.1/../../../../arm-none-eabi/bin/ld: ./source/hello_world_s.o: in function `main':
/Users/shreybirmiwal/Documents/MCUXpressoIDE_11.10.0_3148/workspace/lpcxpresso55s69_hello_world_s/Debug/../source/hello_world_s.c:44:(.text.main+0x48): undefined reference to `process_test_case_ns'
Memory region         Used Size  Region Size  %age Used
   PROGRAM_FLASH:       14676 B      65024 B     22.57%
 SG_veneer_table:          32 B        512 B      6.25%
            Ram0:        4664 B        32 KB     14.23%
collect2: error: ld returned 1 exit status
make[1]: *** [makefile:52: lpcxpresso55s69_hello_world_s.axf] Error 1
make: *** [makefile:43: all] Error 2
"make -r -j7 all" terminated with exit code 2. Build might be incomplete.

16:35:38 Build Failed. 3 errors, 0 warnings. (took 547ms)

