18:39:30 **** Incremental Build of configuration Debug for project my_test ****
make -r -j7 all 
Building file: ../source/my_test.c
Invoking: MCU C Compiler
arm-none-eabi-gcc -DCPU_LPC55S69JBD100 -DCPU_LPC55S69JBD100_cm33 -DCPU_LPC55S69JBD100_cm33_core0 -DSDK_OS_BAREMETAL -DSERIAL_PORT_TYPE_UART=1 -DSDK_DEBUGCONSOLE=0 -DCR_INTEGER_PRINTF -DPRINTF_FLOAT_ENABLE=0 -D__MCUXPRESSO -D__USE_CMSIS -DDEBUG -D__REDLIB__ -I"/Users/shreybirmiwal/Documents/MCUXpressoIDE_11.10.0_3148/workspace/my_test/board" -I"/Users/shreybirmiwal/Documents/MCUXpressoIDE_11.10.0_3148/workspace/my_test/source" -I"/Users/shreybirmiwal/Documents/MCUXpressoIDE_11.10.0_3148/workspace/my_test/utilities" -I"/Users/shreybirmiwal/Documents/MCUXpressoIDE_11.10.0_3148/workspace/my_test/drivers" -I"/Users/shreybirmiwal/Documents/MCUXpressoIDE_11.10.0_3148/workspace/my_test/component/uart" -I"/Users/shreybirmiwal/Documents/MCUXpressoIDE_11.10.0_3148/workspace/my_test/component/serial_manager" -I"/Users/shreybirmiwal/Documents/MCUXpressoIDE_11.10.0_3148/workspace/my_test/device" -I"/Users/shreybirmiwal/Documents/MCUXpressoIDE_11.10.0_3148/workspace/my_test/CMSIS" -I"/Users/shreybirmiwal/Documents/MCUXpressoIDE_11.10.0_3148/workspace/my_test/component/lists" -I"/Users/shreybirmiwal/Documents/MCUXpressoIDE_11.10.0_3148/workspace/my_test/startup" -O0 -fno-common -g3 -gdwarf-4 -Wall -c -ffunction-sections -fdata-sections -fno-builtin -fmerge-constants -fmacro-prefix-map="../source/"= -mcpu=cortex-m33 -mfpu=fpv5-sp-d16 -mfloat-abi=hard -mthumb -mcmse -D__REDLIB__ -fstack-usage -specs=redlib.specs -MMD -MP -MF"source/my_test.d" -MT"source/my_test.o" -MT"source/my_test.d" -o "source/my_test.o" "../source/my_test.c"
../source/my_test.c: In function 'SystemInitHook':
../source/my_test.c:49:5: warning: implicit declaration of function 'BOARD_InitTrustZone' [-Wimplicit-function-declaration]
   49 |     BOARD_InitTrustZone();
      |     ^~~~~~~~~~~~~~~~~~~
Finished building: ../source/my_test.c
 
Building target: my_test.axf
Invoking: MCU Linker
arm-none-eabi-gcc -nostdlib -Xlinker -Map="my_test.map" -Xlinker --gc-sections -Xlinker -print-memory-usage -Xlinker --sort-section=alignment -Xlinker --cref -mcpu=cortex-m33 -mfpu=fpv5-sp-d16 -mfloat-abi=hard -mthumb -T my_test_Debug.ld -o "my_test.axf" ./utilities/fsl_assert.o ./utilities/fsl_debug_console.o ./utilities/fsl_str.o  ./startup/boot_multicore_slave.o ./startup/startup_lpc55s69_cm33_core0.o  ./source/my_test.o ./source/semihost_hardfault.o  ./drivers/fsl_clock.o ./drivers/fsl_common.o ./drivers/fsl_common_arm.o ./drivers/fsl_flexcomm.o ./drivers/fsl_gpio.o ./drivers/fsl_i2c.o ./drivers/fsl_power.o ./drivers/fsl_reset.o ./drivers/fsl_usart.o  ./device/system_LPC55S69_cm33_core0.o  ./component/uart/fsl_adapter_usart.o  ./component/serial_manager/fsl_component_serial_manager.o ./component/serial_manager/fsl_component_serial_port_uart.o  ./component/lists/fsl_component_generic_list.o  ./board/board.o ./board/clock_config.o ./board/peripherals.o ./board/pin_mux.o   
/Applications/MCUXpressoIDE_11.10.0_3148/ide/plugins/com.nxp.mcuxpresso.tools.macosx_11.10.0.202311280810/tools/bin/../lib/gcc/arm-none-eabi/13.2.1/../../../../arm-none-eabi/bin/ld: ./source/my_test.o: in function `SystemInitHook':
/Users/shreybirmiwal/Documents/MCUXpressoIDE_11.10.0_3148/workspace/my_test/Debug/../source/my_test.c:49:(.text.SystemInitHook+0x4): undefined reference to `BOARD_InitTrustZone'
Memory region         Used Size  Region Size  %age Used
   PROGRAM_FLASH:       12716 B       630 KB      1.97%
            SRAM:        8468 B       256 KB      3.23%
           SRAMX:          0 GB        32 KB      0.00%
         USB_RAM:          0 GB        16 KB      0.00%
           SRAM4:          0 GB        16 KB      0.00%
collect2: error: ld returned 1 exit status
make[1]: *** [makefile:52: my_test.axf] Error 1
make: *** [makefile:43: all] Error 2
"make -r -j7 all" terminated with exit code 2. Build might be incomplete.

18:39:32 Build Failed. 3 errors, 1 warnings. (took 1s.938ms)

